#
# There is insufficient memory for the Java Runtime Environment to continue.
# Native memory allocation (mmap) failed to map 266338304 bytes. Error detail: G1 virtual space
# Possible reasons:
#   The system is out of physical RAM or swap space
#   This process is running with CompressedOops enabled, and the Java Heap may be blocking the growth of the native heap
# Possible solutions:
#   Reduce memory load on the system
#   Increase physical memory or swap space
#   Check if swap backing store is full
#   Decrease Java heap size (-Xmx/-Xms)
#   Decrease number of Java threads
#   Decrease Java thread stack sizes (-Xss)
#   Set larger code cache with -XX:ReservedCodeCacheSize=
#   JVM is running with Zero Based Compressed Oops mode in which the Java heap is
#     placed in the first 32GB address space. The Java Heap base address is the
#     maximum limit for the native heap growth. Please use -XX:HeapBaseMinAddress
#     to set the Java Heap base and to place the Java Heap above 32GB virtual address.
# This output file may be truncated or incomplete.
#
#  Out of Memory Error (os_windows.cpp:3825), pid=23136, tid=20980
#
# JRE version:  (17.0.11) (build )
# Java VM: OpenJDK 64-Bit Server VM (17.0.11+0--11852314, mixed mode, sharing, tiered, compressed oops, compressed class ptrs, g1 gc, windows-amd64)
# No core dump will be written. Minidumps are not enabled by default on client versions of Windows
#

---------------  S U M M A R Y ------------

Command Line: git4idea.http.GitAskPassApp Username for 'https://github.com': 

Host: AMD Ryzen 7 7435HS                             , 16 cores, 15G,  Windows 11 , 64 bit Build 26100 (10.0.26100.2161)
Time: Mon Dec  2 14:26:35 2024 SE Asia Standard Time elapsed time: 1.169113 seconds (0d 0h 0m 1s)

---------------  T H R E A D  ---------------

Current thread (0x0000020d7bd69cb0):  JavaThread "Unknown thread" [_thread_in_vm, id=20980, stack(0x0000004078f00000,0x0000004079000000)]

Stack: [0x0000004078f00000,0x0000004079000000]
Native frames: (J=compiled Java code, j=interpreted, Vv=VM code, C=native code)
V  [jvm.dll+0x687bb9]
V  [jvm.dll+0x84142a]
V  [jvm.dll+0x8430ae]
V  [jvm.dll+0x843713]
V  [jvm.dll+0x24a35f]
V  [jvm.dll+0x684989]
V  [jvm.dll+0x67923a]
V  [jvm.dll+0x30af0b]
V  [jvm.dll+0x3123b6]
V  [jvm.dll+0x361dfe]
V  [jvm.dll+0x36202f]
V  [jvm.dll+0x2e0d38]
V  [jvm.dll+0x2e1ca4]
V  [jvm.dll+0x811f21]
V  [jvm.dll+0x36fb68]
V  [jvm.dll+0x7f0896]
V  [jvm.dll+0x3f3d2f]
V  [jvm.dll+0x3f58e1]
C  [jli.dll+0x528f]
C  [ucrtbase.dll+0x14ea0]
C  [KERNEL32.DLL+0x2dbe7]
C  [ntdll.dll+0xdfbec]


---------------  P R O C E S S  ---------------

Threads class SMR info:
_java_thread_list=0x00007ffbeccaefd8, length=0, elements={
}

Java Threads: ( => current thread )

Other Threads:
  0x0000020d7bdd6ea0 GCTaskThread "GC Thread#0" [stack: 0x0000004079000000,0x0000004079100000] [id=8820]
  0x0000020d7bde8800 ConcurrentGCThread "G1 Main Marker" [stack: 0x0000004079100000,0x0000004079200000] [id=25588]
  0x0000020d7bde99d0 ConcurrentGCThread "G1 Conc#0" [stack: 0x0000004079200000,0x0000004079300000] [id=24592]

[error occurred during error reporting (printing all threads), id 0xc0000005, EXCEPTION_ACCESS_VIOLATION (0xc0000005) at pc=0x00007ffbec461907]

VM state: not at safepoint (not fully initialized)

VM Mutex/Monitor currently owned by a thread:  ([mutex/lock_event])
[0x0000020d7bd649d0] Heap_lock - owner thread: 0x0000020d7bd69cb0

Heap address: 0x0000000702c00000, size: 4052 MB, Compressed Oops mode: Zero based, Oop shift amount: 3

CDS archive(s) mapped at: [0x0000000000000000-0x0000000000000000-0x0000000000000000), size 0, SharedBaseAddress: 0x0000000800000000, ArchiveRelocationMode: 1.
Narrow klass base: 0x0000000000000000, Narrow klass shift: 0, Narrow klass range: 0x0

GC Precious Log:
<Empty>

Heap:
 garbage-first heap   total 0K, used 0K [0x0000000702c00000, 0x0000000800000000)
  region size 2048K, 0 young (0K), 0 survivors (0K)
 Metaspace       used 0K, committed 0K, reserved 0K
  class space    used 0K, committed 0K, reserved 0K

Heap Regions: E=young(eden), S=young(survivor), O=old, HS=humongous(starts), HC=humongous(continues), CS=collection set, F=free, OA=open archive, CA=closed archive, TAMS=top-at-mark-start (previous, next)

Card table byte_map: [0x0000020d0fb20000,0x0000020d10310000] _byte_map_base: 0x0000020d0c30a000

Marking Bits (Prev, Next): (CMBitMap*) 0x0000020d7bdd74c0, (CMBitMap*) 0x0000020d7bdd7500
 Prev Bits: [0x0000020d10b00000, 0x0000020d14a50000)
 Next Bits: [0x0000020d14a50000, 0x0000020d189a0000)

GC Heap History (0 events):
No events

Dll operation events (1 events):
Event: 0.008 Loaded shared library E:\Android Studio\Android Setup\Setup\jbr\bin\java.dll

Deoptimization events (0 events):
No events

Classes unloaded (0 events):
No events

Classes redefined (0 events):
No events

Internal exceptions (0 events):
No events

VM Operations (0 events):
No events

Events (0 events):
No events


Dynamic libraries:
0x00007ff6637b0000 - 0x00007ff6637ba000 	E:\Android Studio\Android Setup\Setup\jbr\bin\java.exe
0x00007ffc49280000 - 0x00007ffc494e3000 	C:\WINDOWS\SYSTEM32\ntdll.dll
0x00007ffc47d10000 - 0x00007ffc47dd8000 	C:\WINDOWS\System32\KERNEL32.DLL
0x00007ffc46760000 - 0x00007ffc46b11000 	C:\WINDOWS\System32\KERNELBASE.dll
0x00007ffc46fa0000 - 0x00007ffc470eb000 	C:\WINDOWS\System32\ucrtbase.dll
0x00007ffc22ef0000 - 0x00007ffc22f07000 	E:\Android Studio\Android Setup\Setup\jbr\bin\jli.dll
0x00007ffc24730000 - 0x00007ffc2474b000 	E:\Android Studio\Android Setup\Setup\jbr\bin\VCRUNTIME140.dll
0x00007ffc48cc0000 - 0x00007ffc48e88000 	C:\WINDOWS\System32\USER32.dll
0x00007ffc46730000 - 0x00007ffc46757000 	C:\WINDOWS\System32\win32u.dll
0x00007ffc29be0000 - 0x00007ffc29e70000 	C:\WINDOWS\WinSxS\amd64_microsoft.windows.common-controls_6595b64144ccf1df_6.0.26100.2161_none_3e0cadb0e33078e1\COMCTL32.dll
0x00007ffc48ff0000 - 0x00007ffc4901a000 	C:\WINDOWS\System32\GDI32.dll
0x00007ffc46e70000 - 0x00007ffc46f95000 	C:\WINDOWS\System32\gdi32full.dll
0x00007ffc49190000 - 0x00007ffc49239000 	C:\WINDOWS\System32\msvcrt.dll
0x00007ffc46c40000 - 0x00007ffc46ce3000 	C:\WINDOWS\System32\msvcp_win.dll
0x00007ffc470f0000 - 0x00007ffc4711f000 	C:\WINDOWS\System32\IMM32.DLL
0x00007ffc3fdb0000 - 0x00007ffc3fdbc000 	E:\Android Studio\Android Setup\Setup\jbr\bin\vcruntime140_1.dll
0x00007ffc0be20000 - 0x00007ffc0bead000 	E:\Android Studio\Android Setup\Setup\jbr\bin\msvcp140.dll
0x00007ffbec170000 - 0x00007ffbecdf3000 	E:\Android Studio\Android Setup\Setup\jbr\bin\server\jvm.dll
0x00007ffc473e0000 - 0x00007ffc47494000 	C:\WINDOWS\System32\ADVAPI32.dll
0x00007ffc48a40000 - 0x00007ffc48ae6000 	C:\WINDOWS\System32\sechost.dll
0x00007ffc47680000 - 0x00007ffc47796000 	C:\WINDOWS\System32\RPCRT4.dll
0x00007ffc385d0000 - 0x00007ffc38606000 	C:\WINDOWS\SYSTEM32\WINMM.dll
0x00007ffc3d7f0000 - 0x00007ffc3d7fa000 	C:\WINDOWS\SYSTEM32\WSOCK32.dll
0x00007ffc45310000 - 0x00007ffc4535e000 	C:\WINDOWS\SYSTEM32\POWRPROF.dll
0x00007ffc48910000 - 0x00007ffc48984000 	C:\WINDOWS\System32\WS2_32.dll
0x00007ffc3cb90000 - 0x00007ffc3cb9b000 	C:\WINDOWS\SYSTEM32\VERSION.dll
0x00007ffc452f0000 - 0x00007ffc45304000 	C:\WINDOWS\SYSTEM32\UMPDC.dll
0x00007ffc455d0000 - 0x00007ffc455ea000 	C:\WINDOWS\SYSTEM32\kernel.appcore.dll
0x00007ffc38db0000 - 0x00007ffc38dba000 	E:\Android Studio\Android Setup\Setup\jbr\bin\jimage.dll
0x00007ffc378e0000 - 0x00007ffc37b21000 	C:\WINDOWS\SYSTEM32\DBGHELP.DLL
0x00007ffc47de0000 - 0x00007ffc4815d000 	C:\WINDOWS\System32\combase.dll
0x00007ffc49020000 - 0x00007ffc490f6000 	C:\WINDOWS\System32\OLEAUT32.dll
0x00007ffc2b210000 - 0x00007ffc2b249000 	C:\WINDOWS\SYSTEM32\dbgcore.DLL
0x00007ffc46b20000 - 0x00007ffc46bb9000 	C:\WINDOWS\System32\bcryptPrimitives.dll
0x00007ffc243f0000 - 0x00007ffc24415000 	E:\Android Studio\Android Setup\Setup\jbr\bin\java.dll

dbghelp: loaded successfully - version: 4.0.5 - missing functions: none
symbol engine: initialized successfully - sym options: 0x614 - pdb path: .;E:\Android Studio\Android Setup\Setup\jbr\bin;C:\WINDOWS\SYSTEM32;C:\WINDOWS\WinSxS\amd64_microsoft.windows.common-controls_6595b64144ccf1df_6.0.26100.2161_none_3e0cadb0e33078e1;E:\Android Studio\Android Setup\Setup\jbr\bin\server

VM Arguments:
java_command: git4idea.http.GitAskPassApp Username for 'https://github.com': 
java_class_path (initial): E:/Android Studio/Android Setup/Setup/plugins/vcs-git/lib/git4idea-rt.jar;E:/Android Studio/Android Setup/Setup/lib/externalProcess-rt.jar
Launcher Type: SUN_STANDARD

[Global flags]
     intx CICompilerCount                          = 12                                        {product} {ergonomic}
     uint ConcGCThreads                            = 3                                         {product} {ergonomic}
     uint G1ConcRefinementThreads                  = 13                                        {product} {ergonomic}
   size_t G1HeapRegionSize                         = 2097152                                   {product} {ergonomic}
    uintx GCDrainStackTargetSize                   = 64                                        {product} {ergonomic}
   size_t InitialHeapSize                          = 266338304                                 {product} {ergonomic}
   size_t MarkStackSize                            = 4194304                                   {product} {ergonomic}
   size_t MaxHeapSize                              = 4248829952                                {product} {ergonomic}
   size_t MinHeapDeltaBytes                        = 2097152                                   {product} {ergonomic}
   size_t MinHeapSize                              = 8388608                                   {product} {ergonomic}
    uintx NonNMethodCodeHeapSize                   = 7602480                                {pd product} {ergonomic}
    uintx NonProfiledCodeHeapSize                  = 122027880                              {pd product} {ergonomic}
    uintx ProfiledCodeHeapSize                     = 122027880                              {pd product} {ergonomic}
    uintx ReservedCodeCacheSize                    = 251658240                              {pd product} {ergonomic}
     bool SegmentedCodeCache                       = true                                      {product} {ergonomic}
   size_t SoftMaxHeapSize                          = 4248829952                             {manageable} {ergonomic}
     bool UseCompressedClassPointers               = true                           {product lp64_product} {ergonomic}
     bool UseCompressedOops                        = true                           {product lp64_product} {ergonomic}
     bool UseG1GC                                  = true                                      {product} {ergonomic}
     bool UseLargePagesIndividualAllocation        = false                                  {pd product} {ergonomic}

Logging:
Log output configuration:
 #0: stdout all=warning uptime,level,tags
 #1: stderr all=off uptime,level,tags

Environment Variables:
PATH=C:\Program Files\Git\mingw64\libexec\git-core;C:\Program Files\Git\mingw64\libexec\git-core;C:\Program Files\Git\mingw64\bin;C:\Program Files\Git\usr\bin;C:\Users\atm01\bin;C:\Program Files\Common Files\Oracle\Java\javapath;E:\VMS\vmware FileSetup\Setup\bin;C:\WINDOWS\system32;C:\WINDOWS;C:\WINDOWS\System32\Wbem;C:\WINDOWS\System32\WindowsPowerShell\v1.0;C:\WINDOWS\System32\OpenSSH;C:\Program Files (x86)\NVIDIA Corporation\PhysX\Common;C:\Program Files\Docker\Docker\resources\bin;C:\Program Files\dotnet;C:\Program Files\Git\cmd;C:\Users\atm01\AppData\Local\Microsoft\WindowsApps
USERNAME=atm01
DISPLAY=:0.0
LC_ALL=en_US.UTF-8
TERM=xterm-256color
TMPDIR=C:\Users\atm01\AppData\Local\Temp
OS=Windows_NT
PROCESSOR_IDENTIFIER=AMD64 Family 25 Model 68 Stepping 1, AuthenticAMD
TMP=C:\Users\atm01\AppData\Local\Temp
TEMP=C:\Users\atm01\AppData\Local\Temp



Periodic native trim disabled

JNI global refs:
JNI global refs: 0, weak refs: 0

JNI global refs memory usage: 0, weak refs: 0

Process memory usage:
Resident Set Size: 12796K (0% of 16591540K total physical memory with 1045496K free physical memory)

OOME stack traces (most recent first):
Classloader memory used:


---------------  S Y S T E M  ---------------

OS:
 Windows 11 , 64 bit Build 26100 (10.0.26100.2161)
OS uptime: 0 days 6:03 hours
Hyper-V role detected

CPU: total 16 (initial active 16) (16 cores per cpu, 2 threads per core) family 25 model 68 stepping 1 microcode 0xa404105, cx8, cmov, fxsr, ht, mmx, 3dnowpref, sse, sse2, sse3, ssse3, sse4a, sse4.1, sse4.2, popcnt, lzcnt, tsc, tscinvbit, avx, avx2, aes, erms, clmul, bmi1, bmi2, adx, sha, fma, vzeroupper, clflush, clflushopt, hv
Processor Information for processor 0
  Max Mhz: 3100, Current Mhz: 3100, Mhz Limit: 3100
Processor Information for processor 1
  Max Mhz: 3100, Current Mhz: 2469, Mhz Limit: 3100
Processor Information for processor 2
  Max Mhz: 3100, Current Mhz: 2469, Mhz Limit: 3100
Processor Information for processor 3
  Max Mhz: 3100, Current Mhz: 3100, Mhz Limit: 3100
Processor Information for processor 4
  Max Mhz: 3100, Current Mhz: 3100, Mhz Limit: 3100
Processor Information for processor 5
  Max Mhz: 3100, Current Mhz: 2469, Mhz Limit: 3100
Processor Information for processor 6
  Max Mhz: 3100, Current Mhz: 3100, Mhz Limit: 3100
Processor Information for processor 7
  Max Mhz: 3100, Current Mhz: 2469, Mhz Limit: 3100
Processor Information for processor 8
  Max Mhz: 3100, Current Mhz: 3100, Mhz Limit: 3100
Processor Information for processor 9
  Max Mhz: 3100, Current Mhz: 2469, Mhz Limit: 3100
Processor Information for processor 10
  Max Mhz: 3100, Current Mhz: 2469, Mhz Limit: 3100
Processor Information for processor 11
  Max Mhz: 3100, Current Mhz: 2469, Mhz Limit: 3100
Processor Information for processor 12
  Max Mhz: 3100, Current Mhz: 2469, Mhz Limit: 3100
Processor Information for processor 13
  Max Mhz: 3100, Current Mhz: 3100, Mhz Limit: 3100
Processor Information for processor 14
  Max Mhz: 3100, Current Mhz: 2469, Mhz Limit: 3100
Processor Information for processor 15
  Max Mhz: 3100, Current Mhz: 2469, Mhz Limit: 3100

Memory: 4k page, system-wide physical 16202M (1020M free)
TotalPageFile size 42218M (AvailPageFile size 194M)
current process WorkingSet (physical memory assigned to process): 12M, peak: 12M
current process commit charge ("private bytes"): 71M, peak: 324M

vm_info: OpenJDK 64-Bit Server VM (17.0.11+0--11852314) for windows-amd64 JRE (17.0.11+0--11852314), built on May 16 2024 21:29:20 by "androidbuild" with MS VC++ 16.10 / 16.11 (VS2019)

END.
